This file contains any messages produced by compilers while
running configure, to aid debugging if configure makes a mistake.

It was created by configure, which was
generated by GNU Autoconf 2.71.  Invocation command line was

  $ ./configure -disable-debug -enable-optimize -enable-64bit -enable-win32-target=WIN95

## --------- ##
## Platform. ##
## --------- ##

hostname = ws3620nbar
uname -m = i686
uname -r = 1.0.11(0.46/3/2)
uname -s = MINGW32_NT-6.2
uname -v = 2009-07-11 17:46

/usr/bin/uname -p = unknown
/bin/uname -X     = unknown

/bin/arch              = unknown
/usr/bin/arch -k       = unknown
/usr/convex/getsysinfo = unknown
/usr/bin/hostinfo      = unknown
/bin/machine           = unknown
/usr/bin/oslevel       = unknown
/bin/universe          = unknown

PATH: /home/n.barkas/GNUstep/Tools/
PATH: /mingw/../devlibs/gnustep1201/Local/Tools/
PATH: /mingw/../devlibs/gnustep1201/System/Tools/
PATH: ./
PATH: /usr/local/bin/
PATH: /mingw/bin/
PATH: /bin/
PATH: /mingw/../devlibs/bin/
PATH: /git/bin/
PATH: /c/Program Files/Intel/iCLS Client/
PATH: /c/WINDOWS/system32/
PATH: /c/WINDOWS/
PATH: /c/WINDOWS/System32/Wbem/
PATH: /c/WINDOWS/System32/WindowsPowerShell/v1.0/
PATH: /c/WINDOWS/System32/OpenSSH/
PATH: /c/Program Files (x86)/Microsoft SQL Server/80/Tools/Binn/
PATH: /c/Program Files/Microsoft SQL Server/Client SDK/ODBC/110/Tools/Binn/
PATH: /c/Program Files (x86)/Microsoft SQL Server/120/Tools/Binn/
PATH: /c/Program Files/Microsoft SQL Server/120/Tools/Binn/
PATH: /c/Program Files/Microsoft SQL Server/120/DTS/Binn/
PATH: /c/Program Files (x86)/Intel/Intel(R) Management Engine Components/DAL/
PATH: /c/Program Files/Intel/Intel(R) Management Engine Components/DAL/
PATH: /c/Program Files (x86)/CheckPoint/Endpoint Security/Endpoint Common/bin/
PATH: /c/Users/nbarkas/AppData/Local/Programs/Python/Python312/Scripts/
PATH: /c/Users/nbarkas/AppData/Local/Programs/Python/Python312/
PATH: /c/Users/nbarkas/AppData/Local/Programs/Python/Launcher/
PATH: /c/Users/nbarkas/AppData/Local/Microsoft/WindowsApps/
PATH: ./
PATH: /c/DriveD/perl53001/c/bin/
PATH: /c/DriveD/perl53001/perl/site/bin/
PATH: /c/DriveD/perl53001/perl/bin/
PATH: /svn/bin/
PATH: /nsis/


## ----------- ##
## Core tests. ##
## ----------- ##

configure:2732: looking for aux files: config.guess config.sub
configure:2745:  trying ./build/autoconf/
configure:2774:   ./build/autoconf/config.guess found
configure:2774:   ./build/autoconf/config.sub found
configure:2895: checking build system type
configure:2910: result: i686-pc-mingw32
configure:2930: checking host system type
configure:2944: result: i686-pc-mingw32
configure:2964: checking target system type
configure:2978: result: i686-pc-mingw32
configure:3057: checking for cl
configure:3092: result: no
configure:3547: checking for whoami
configure:3570: found /c/WINDOWS/system32/whoami
configure:3583: result: /c/WINDOWS/system32/whoami
configure:3739: checking for gcc
configure:3760: found /mingw/bin/gcc
configure:3771: result: gcc
configure:4124: checking for C compiler version
configure:4133: gcc --version >&5
gcc.exe (tdm64-1) 4.7.1
Copyright (C) 2012 Free Software Foundation, Inc.
This is free software; see the source for copying conditions.  There is NO
warranty; not even for MERCHANTABILITY or FITNESS FOR A PARTICULAR PURPOSE.

configure:4144: $? = 0
configure:4133: gcc -v >&5
Using built-in specs.
COLLECT_GCC=C:\DevelopmentEnvironment\gcc\Msys_x2\1.0\mingw\bin\gcc.exe
COLLECT_LTO_WRAPPER=c:/developmentenvironment/gcc/msys_x2/1.0/mingw/bin/../libexec/gcc/x86_64-w64-mingw32/4.7.1/lto-wrapper.exe
Target: x86_64-w64-mingw32
Configured with: ../../src/gcc-4.7.1/configure --build=x86_64-w64-mingw32 --enable-targets=all --enable-languages=c,c++,fortran,objc,obj-c++ --enable-libgomp --enable-lto --enable-libstdcxx-debug --enable-version-specific-runtime-libs --enable-fully-dynamic-string --with-gnu-ld --disable-werror --disable-nls --disable-win32-registry --prefix=/mingw64tdm --with-local-prefix=/mingw64tdm --with-pkgversion=tdm64-1 --with-bugurl=http://tdm-gcc.tdragon.net/bugs
Thread model: win32
gcc version 4.7.1 (tdm64-1) 
configure:4144: $? = 0
configure:4133: gcc -V >&5
gcc.exe: error: unrecognized command line option '-V'
gcc.exe: fatal error: no input files
compilation terminated.
configure:4144: $? = 1
configure:4133: gcc -qversion >&5
gcc.exe: error: unrecognized command line option '-qversion'
gcc.exe: fatal error: no input files
compilation terminated.
configure:4144: $? = 1
configure:4133: gcc -version >&5
gcc.exe: error: unrecognized command line option '-version'
gcc.exe: fatal error: no input files
compilation terminated.
configure:4144: $? = 1
configure:4164: checking whether the C compiler works
configure:4186: gcc    conftest.c  >&5
configure:4190: $? = 0
configure:4240: result: yes
configure:4243: checking for C compiler default output file name
configure:4245: result: a.exe
configure:4251: checking for suffix of executables
configure:4258: gcc -o conftest.exe    conftest.c  >&5
configure:4262: $? = 0
configure:4285: result: .exe
configure:4307: checking whether we are cross compiling
configure:4315: gcc -o conftest.exe    conftest.c  >&5
configure:4319: $? = 0
configure:4326: ./conftest.exe
configure:4330: $? = 0
configure:4345: result: no
configure:4350: checking for suffix of object files
configure:4373: gcc -c   conftest.c >&5
configure:4377: $? = 0
configure:4399: result: o
configure:4403: checking whether the compiler supports GNU C
configure:4423: gcc -c   conftest.c >&5
configure:4423: $? = 0
configure:4433: result: yes
configure:4444: checking whether gcc accepts -g
configure:4465: gcc -c -g  conftest.c >&5
configure:4465: $? = 0
configure:4509: result: yes
configure:4529: checking for gcc option to enable C11 features
configure:4544: gcc  -c   conftest.c >&5
conftest.c:62:3: error: #error "Compiler does not advertise C99 conformance"
conftest.c:117:29: error: expected ';', ',' or ')' before 'text'
conftest.c:166:3: error: #error "Compiler does not advertise C11 conformance"
conftest.c:198:29: error: 'syntax' undeclared here (not in a function)
conftest.c:198:29: error: expected ',' or ';' before 'error'
conftest.c: In function 'main':
conftest.c:231:18: error: expected '=', ',', ';', 'asm' or '__attribute__' before 'newvar'
conftest.c:231:18: error: 'newvar' undeclared (first use in this function)
conftest.c:231:18: note: each undeclared identifier is reported only once for each function it appears in
conftest.c:241:3: error: 'for' loop initial declarations are only allowed in C99 mode
conftest.c:241:3: note: use option -std=c99 or -std=gnu99 to compile your code
configure:4544: $? = 1
configure: failed program was:
| /* confdefs.h */
| #define PACKAGE_NAME ""
| #define PACKAGE_TARNAME ""
| #define PACKAGE_VERSION ""
| #define PACKAGE_STRING ""
| #define PACKAGE_BUGREPORT ""
| #define PACKAGE_URL ""
| #define NDEBUG 1
| /* end confdefs.h.  */
| 
| /* Does the compiler advertise C89 conformance?
|    Do not test the value of __STDC__, because some compilers set it to 0
|    while being otherwise adequately conformant. */
| #if !defined __STDC__
| # error "Compiler does not advertise C89 conformance"
| #endif
| 
| #include <stddef.h>
| #include <stdarg.h>
| struct stat;
| /* Most of the following tests are stolen from RCS 5.7 src/conf.sh.  */
| struct buf { int x; };
| struct buf * (*rcsopen) (struct buf *, struct stat *, int);
| static char *e (p, i)
|      char **p;
|      int i;
| {
|   return p[i];
| }
| static char *f (char * (*g) (char **, int), char **p, ...)
| {
|   char *s;
|   va_list v;
|   va_start (v,p);
|   s = g (p, va_arg (v,int));
|   va_end (v);
|   return s;
| }
| 
| /* OSF 4.0 Compaq cc is some sort of almost-ANSI by default.  It has
|    function prototypes and stuff, but not \xHH hex character constants.
|    These do not provoke an error unfortunately, instead are silently treated
|    as an "x".  The following induces an error, until -std is added to get
|    proper ANSI mode.  Curiously \x00 != x always comes out true, for an
|    array size at least.  It is necessary to write \x00 == 0 to get something
|    that is true only with -std.  */
| int osf4_cc_array ['\x00' == 0 ? 1 : -1];
| 
| /* IBM C 6 for AIX is almost-ANSI by default, but it replaces macro parameters
|    inside strings and character constants.  */
| #define FOO(x) 'x'
| int xlc6_cc_array[FOO(a) == 'x' ? 1 : -1];
| 
| int test (int i, double x);
| struct s1 {int (*f) (int a);};
| struct s2 {int (*f) (double a);};
| int pairnames (int, char **, int *(*)(struct buf *, struct stat *, int),
|                int, int);
| 
| // Does the compiler advertise C99 conformance?
| #if !defined __STDC_VERSION__ || __STDC_VERSION__ < 199901L
| # error "Compiler does not advertise C99 conformance"
| #endif
| 
| #include <stdbool.h>
| extern int puts (const char *);
| extern int printf (const char *, ...);
| extern int dprintf (int, const char *, ...);
| extern void *malloc (size_t);
| 
| // Check varargs macros.  These examples are taken from C99 6.10.3.5.
| // dprintf is used instead of fprintf to avoid needing to declare
| // FILE and stderr.
| #define debug(...) dprintf (2, __VA_ARGS__)
| #define showlist(...) puts (#__VA_ARGS__)
| #define report(test,...) ((test) ? puts (#test) : printf (__VA_ARGS__))
| static void
| test_varargs_macros (void)
| {
|   int x = 1234;
|   int y = 5678;
|   debug ("Flag");
|   debug ("X = %d\n", x);
|   showlist (The first, second, and third items.);
|   report (x>y, "x is %d but y is %d", x, y);
| }
| 
| // Check long long types.
| #define BIG64 18446744073709551615ull
| #define BIG32 4294967295ul
| #define BIG_OK (BIG64 / BIG32 == 4294967297ull && BIG64 % BIG32 == 0)
| #if !BIG_OK
|   #error "your preprocessor is broken"
| #endif
| #if BIG_OK
| #else
|   #error "your preprocessor is broken"
| #endif
| static long long int bignum = -9223372036854775807LL;
| static unsigned long long int ubignum = BIG64;
| 
| struct incomplete_array
| {
|   int datasize;
|   double data[];
| };
| 
| struct named_init {
|   int number;
|   const wchar_t *name;
|   double average;
| };
| 
| typedef const char *ccp;
| 
| static inline int
| test_restrict (ccp restrict text)
| {
|   // See if C++-style comments work.
|   // Iterate through items via the restricted pointer.
|   // Also check for declarations in for loops.
|   for (unsigned int i = 0; *(text+i) != '\0'; ++i)
|     continue;
|   return 0;
| }
| 
| // Check varargs and va_copy.
| static bool
| test_varargs (const char *format, ...)
| {
|   va_list args;
|   va_start (args, format);
|   va_list args_copy;
|   va_copy (args_copy, args);
| 
|   const char *str = "";
|   int number = 0;
|   float fnumber = 0;
| 
|   while (*format)
|     {
|       switch (*format++)
| 	{
| 	case 's': // string
| 	  str = va_arg (args_copy, const char *);
| 	  break;
| 	case 'd': // int
| 	  number = va_arg (args_copy, int);
| 	  break;
| 	case 'f': // float
| 	  fnumber = va_arg (args_copy, double);
| 	  break;
| 	default:
| 	  break;
| 	}
|     }
|   va_end (args_copy);
|   va_end (args);
| 
|   return *str && number && fnumber;
| }
| 
| 
| // Does the compiler advertise C11 conformance?
| #if !defined __STDC_VERSION__ || __STDC_VERSION__ < 201112L
| # error "Compiler does not advertise C11 conformance"
| #endif
| 
| // Check _Alignas.
| char _Alignas (double) aligned_as_double;
| char _Alignas (0) no_special_alignment;
| extern char aligned_as_int;
| char _Alignas (0) _Alignas (int) aligned_as_int;
| 
| // Check _Alignof.
| enum
| {
|   int_alignment = _Alignof (int),
|   int_array_alignment = _Alignof (int[100]),
|   char_alignment = _Alignof (char)
| };
| _Static_assert (0 < -_Alignof (int), "_Alignof is signed");
| 
| // Check _Noreturn.
| int _Noreturn does_not_return (void) { for (;;) continue; }
| 
| // Check _Static_assert.
| struct test_static_assert
| {
|   int x;
|   _Static_assert (sizeof (int) <= sizeof (long int),
|                   "_Static_assert does not work in struct");
|   long int y;
| };
| 
| // Check UTF-8 literals.
| #define u8 syntax error!
| char const utf8_literal[] = u8"happens to be ASCII" "another string";
| 
| // Check duplicate typedefs.
| typedef long *long_ptr;
| typedef long int *long_ptr;
| typedef long_ptr long_ptr;
| 
| // Anonymous structures and unions -- taken from C11 6.7.2.1 Example 1.
| struct anonymous
| {
|   union {
|     struct { int i; int j; };
|     struct { int k; long int l; } w;
|   };
|   int m;
| } v1;
| 
| 
| int
| main (int argc, char **argv)
| {
|   int ok = 0;
|   
| ok |= (argc == 0 || f (e, argv, 0) != argv[0] || f (e, argv, 1) != argv[1]);
| 
|   
|   // Check bool.
|   _Bool success = false;
|   success |= (argc != 0);
| 
|   // Check restrict.
|   if (test_restrict ("String literal") == 0)
|     success = true;
|   char *restrict newvar = "Another string";
| 
|   // Check varargs.
|   success &= test_varargs ("s, d' f .", "string", 65, 34.234);
|   test_varargs_macros ();
| 
|   // Check flexible array members.
|   struct incomplete_array *ia =
|     malloc (sizeof (struct incomplete_array) + (sizeof (double) * 10));
|   ia->datasize = 10;
|   for (int i = 0; i < ia->datasize; ++i)
|     ia->data[i] = i * 1.234;
| 
|   // Check named initializers.
|   struct named_init ni = {
|     .number = 34,
|     .name = L"Test wide string",
|     .average = 543.34343,
|   };
| 
|   ni.number = 58;
| 
|   int dynamic_array[ni.number];
|   dynamic_array[0] = argv[0][0];
|   dynamic_array[ni.number - 1] = 543;
| 
|   // work around unused variable warnings
|   ok |= (!success || bignum == 0LL || ubignum == 0uLL || newvar[0] == 'x'
| 	 || dynamic_array[ni.number - 1] != 543);
| 
|   
|   _Static_assert ((offsetof (struct anonymous, i)
| 		   == offsetof (struct anonymous, w.k)),
| 		  "Anonymous union alignment botch");
|   v1.i = 2;
|   v1.w.k = 5;
|   ok |= v1.i != 5;
| 
|   return ok;
| }
| 
configure:4544: gcc -std=gnu11 -c   conftest.c >&5
configure:4544: $? = 0
configure:4565: result: -std=gnu11
configure:5911: checking for ranlib
configure:5932: found /mingw/bin/ranlib
configure:5943: result: ranlib
configure:5969: checking for as
configure:5992: found /mingw/bin/as
configure:6004: result: /mingw/bin/as
configure:6020: checking for ar
configure:6058: result: no
configure:6071: checking for ld
configure:6094: found /mingw/bin/ld
configure:6106: result: /mingw/bin/ld
configure:6122: checking for strip
configure:6145: found /mingw/bin/strip
configure:6157: result: /mingw/bin/strip
configure:6173: checking for windres
configure:6196: found /mingw/bin/windres
configure:6208: result: /mingw/bin/windres
configure:6233: checking how to run the C preprocessor
configure:6259: gcc -std=gnu11 -E  conftest.c
configure:6259: $? = 0
configure:6274: gcc -std=gnu11 -E  conftest.c
conftest.c:10:28: fatal error: ac_nonexistent.h: No such file or directory
compilation terminated.
configure:6274: $? = 1
configure: failed program was:
| /* confdefs.h */
| #define PACKAGE_NAME ""
| #define PACKAGE_TARNAME ""
| #define PACKAGE_VERSION ""
| #define PACKAGE_STRING ""
| #define PACKAGE_BUGREPORT ""
| #define PACKAGE_URL ""
| #define NDEBUG 1
| /* end confdefs.h.  */
| #include <ac_nonexistent.h>
configure:6301: result: gcc -std=gnu11 -E
configure:6315: gcc -std=gnu11 -E  conftest.c
configure:6315: $? = 0
configure:6330: gcc -std=gnu11 -E  conftest.c
conftest.c:10:28: fatal error: ac_nonexistent.h: No such file or directory
compilation terminated.
configure:6330: $? = 1
configure: failed program was:
| /* confdefs.h */
| #define PACKAGE_NAME ""
| #define PACKAGE_TARNAME ""
| #define PACKAGE_VERSION ""
| #define PACKAGE_STRING ""
| #define PACKAGE_BUGREPORT ""
| #define PACKAGE_URL ""
| #define NDEBUG 1
| /* end confdefs.h.  */
| #include <ac_nonexistent.h>
configure:6384: checking for gcc -pipe support
configure:6430: result: no
configure:6435: checking for pragma diagnostic
configure:6461: result: no
configure:6472: checking whether C compiler supports -fprofile-generate
configure:6485: gcc -std=gnu11 -c  -fprofile-generate -fprofile-correction  conftest.c >&5
configure:6485: $? = 0
configure:6493: result: yes
configure:6505: checking for visibility(hidden) attribute
configure:6523: result: no
configure:6580: checking for perl5
configure:6618: result: no
configure:6580: checking for perl
configure:6618: result: no
configure:6904: gcc -std=gnu11 -c   conftest.c >&5
conftest.c: In function 'main':
conftest.c:14:15: error: '__thumb2__' undeclared (first use in this function)
conftest.c:14:15: note: each undeclared identifier is reported only once for each function it appears in
configure:6904: $? = 1
configure: failed program was:
| /* confdefs.h */
| #define PACKAGE_NAME ""
| #define PACKAGE_TARNAME ""
| #define PACKAGE_VERSION ""
| #define PACKAGE_STRING ""
| #define PACKAGE_BUGREPORT ""
| #define PACKAGE_URL ""
| #define NDEBUG 1
| /* end confdefs.h.  */
| 
| int
| main (void)
| {
| return sizeof(__thumb2__);
|   ;
|   return 0;
| }
configure:7926: checking for dlopen in -ldl
configure:7949: gcc -std=gnu11 -mwindows -o conftest.exe    conftest.c -ldl   >&5
c:/developmentenvironment/gcc/msys_x2/1.0/mingw/bin/../lib/gcc/x86_64-w64-mingw32/4.7.1/../../../../x86_64-w64-mingw32/bin/ld.exe: cannot find -ldl
collect2.exe: error: ld returned 1 exit status
configure:7949: $? = 1
configure: failed program was:
| /* confdefs.h */
| #define PACKAGE_NAME ""
| #define PACKAGE_TARNAME ""
| #define PACKAGE_VERSION ""
| #define PACKAGE_STRING ""
| #define PACKAGE_BUGREPORT ""
| #define PACKAGE_URL ""
| #define NDEBUG 1
| #define XP_PC 1
| #define WIN32 1
| #define WIN95 1
| #define _PR_GLOBAL_THREADS_ONLY 1
| #define _AMD64_ 1
| /* end confdefs.h.  */
| 
| /* Override any GCC internal prototype to avoid an error.
|    Use char because int might match the return type of a GCC
|    builtin and then its argument prototype would still apply.  */
| char dlopen ();
| int
| main (void)
| {
| return dlopen ();
|   ;
|   return 0;
| }
configure:7959: result: no
configure:7978: checking for grep that handles long lines and -e
configure:8042: result: /bin/grep
configure:8047: checking for egrep
configure:8115: result: /bin/grep -E
configure:8121: checking whether gcc -std=gnu11 -mwindows needs -traditional
conftest.c:15:19: fatal error: sgtty.h: No such file or directory
compilation terminated.
conftest.c:15:20: fatal error: termio.h: No such file or directory
compilation terminated.
configure:8158: result: no
configure:8167: checking for dladdr
configure:8167: gcc -std=gnu11 -mwindows -o conftest.exe    conftest.c   >&5
C:\Users\nbarkas\AppData\Local\Temp\cc8rrfMt.o:conftest.c:(.text+0xe): undefined reference to `dladdr'
collect2.exe: error: ld returned 1 exit status
configure:8167: $? = 1
configure: failed program was:
| /* confdefs.h */
| #define PACKAGE_NAME ""
| #define PACKAGE_TARNAME ""
| #define PACKAGE_VERSION ""
| #define PACKAGE_STRING ""
| #define PACKAGE_BUGREPORT ""
| #define PACKAGE_URL ""
| #define NDEBUG 1
| #define XP_PC 1
| #define WIN32 1
| #define WIN95 1
| #define _PR_GLOBAL_THREADS_ONLY 1
| #define _AMD64_ 1
| /* end confdefs.h.  */
| /* Define dladdr to an innocuous variant, in case <limits.h> declares dladdr.
|    For example, HP-UX 11i <limits.h> declares gettimeofday.  */
| #define dladdr innocuous_dladdr
| 
| /* System header to define __stub macros and hopefully few prototypes,
|    which can conflict with char dladdr (); below.  */
| 
| #include <limits.h>
| #undef dladdr
| 
| /* Override any GCC internal prototype to avoid an error.
|    Use char because int might match the return type of a GCC
|    builtin and then its argument prototype would still apply.  */
| #ifdef __cplusplus
| extern "C"
| #endif
| char dladdr ();
| /* The GNU C library defines this for functions which it implements
|     to always fail with ENOSYS.  Some functions are actually named
|     something starting with __ and the normal name is an alias.  */
| #if defined __stub_dladdr || defined __stub___dladdr
| choke me
| #endif
| 
| int
| main (void)
| {
| return dladdr ();
|   ;
|   return 0;
| }
configure:8167: result: no
configure:8173: checking for gettid
configure:8173: gcc -std=gnu11 -mwindows -o conftest.exe    conftest.c   >&5
C:\Users\nbarkas\AppData\Local\Temp\ccLdE11x.o:conftest.c:(.text+0xe): undefined reference to `gettid'
collect2.exe: error: ld returned 1 exit status
configure:8173: $? = 1
configure: failed program was:
| /* confdefs.h */
| #define PACKAGE_NAME ""
| #define PACKAGE_TARNAME ""
| #define PACKAGE_VERSION ""
| #define PACKAGE_STRING ""
| #define PACKAGE_BUGREPORT ""
| #define PACKAGE_URL ""
| #define NDEBUG 1
| #define XP_PC 1
| #define WIN32 1
| #define WIN95 1
| #define _PR_GLOBAL_THREADS_ONLY 1
| #define _AMD64_ 1
| /* end confdefs.h.  */
| /* Define gettid to an innocuous variant, in case <limits.h> declares gettid.
|    For example, HP-UX 11i <limits.h> declares gettimeofday.  */
| #define gettid innocuous_gettid
| 
| /* System header to define __stub macros and hopefully few prototypes,
|    which can conflict with char gettid (); below.  */
| 
| #include <limits.h>
| #undef gettid
| 
| /* Override any GCC internal prototype to avoid an error.
|    Use char because int might match the return type of a GCC
|    builtin and then its argument prototype would still apply.  */
| #ifdef __cplusplus
| extern "C"
| #endif
| char gettid ();
| /* The GNU C library defines this for functions which it implements
|     to always fail with ENOSYS.  Some functions are actually named
|     something starting with __ and the normal name is an alias.  */
| #if defined __stub_gettid || defined __stub___gettid
| choke me
| #endif
| 
| int
| main (void)
| {
| return gettid ();
|   ;
|   return 0;
| }
configure:8173: result: no
configure:8179: checking for lchown
configure:8179: gcc -std=gnu11 -mwindows -o conftest.exe    conftest.c   >&5
C:\Users\nbarkas\AppData\Local\Temp\ccQxh6RF.o:conftest.c:(.text+0xe): undefined reference to `lchown'
collect2.exe: error: ld returned 1 exit status
configure:8179: $? = 1
configure: failed program was:
| /* confdefs.h */
| #define PACKAGE_NAME ""
| #define PACKAGE_TARNAME ""
| #define PACKAGE_VERSION ""
| #define PACKAGE_STRING ""
| #define PACKAGE_BUGREPORT ""
| #define PACKAGE_URL ""
| #define NDEBUG 1
| #define XP_PC 1
| #define WIN32 1
| #define WIN95 1
| #define _PR_GLOBAL_THREADS_ONLY 1
| #define _AMD64_ 1
| /* end confdefs.h.  */
| /* Define lchown to an innocuous variant, in case <limits.h> declares lchown.
|    For example, HP-UX 11i <limits.h> declares gettimeofday.  */
| #define lchown innocuous_lchown
| 
| /* System header to define __stub macros and hopefully few prototypes,
|    which can conflict with char lchown (); below.  */
| 
| #include <limits.h>
| #undef lchown
| 
| /* Override any GCC internal prototype to avoid an error.
|    Use char because int might match the return type of a GCC
|    builtin and then its argument prototype would still apply.  */
| #ifdef __cplusplus
| extern "C"
| #endif
| char lchown ();
| /* The GNU C library defines this for functions which it implements
|     to always fail with ENOSYS.  Some functions are actually named
|     something starting with __ and the normal name is an alias.  */
| #if defined __stub_lchown || defined __stub___lchown
| choke me
| #endif
| 
| int
| main (void)
| {
| return lchown ();
|   ;
|   return 0;
| }
configure:8179: result: no
configure:8185: checking for setpriority
configure:8185: gcc -std=gnu11 -mwindows -o conftest.exe    conftest.c   >&5
C:\Users\nbarkas\AppData\Local\Temp\ccqTxmp5.o:conftest.c:(.text+0xe): undefined reference to `setpriority'
collect2.exe: error: ld returned 1 exit status
configure:8185: $? = 1
configure: failed program was:
| /* confdefs.h */
| #define PACKAGE_NAME ""
| #define PACKAGE_TARNAME ""
| #define PACKAGE_VERSION ""
| #define PACKAGE_STRING ""
| #define PACKAGE_BUGREPORT ""
| #define PACKAGE_URL ""
| #define NDEBUG 1
| #define XP_PC 1
| #define WIN32 1
| #define WIN95 1
| #define _PR_GLOBAL_THREADS_ONLY 1
| #define _AMD64_ 1
| /* end confdefs.h.  */
| /* Define setpriority to an innocuous variant, in case <limits.h> declares setpriority.
|    For example, HP-UX 11i <limits.h> declares gettimeofday.  */
| #define setpriority innocuous_setpriority
| 
| /* System header to define __stub macros and hopefully few prototypes,
|    which can conflict with char setpriority (); below.  */
| 
| #include <limits.h>
| #undef setpriority
| 
| /* Override any GCC internal prototype to avoid an error.
|    Use char because int might match the return type of a GCC
|    builtin and then its argument prototype would still apply.  */
| #ifdef __cplusplus
| extern "C"
| #endif
| char setpriority ();
| /* The GNU C library defines this for functions which it implements
|     to always fail with ENOSYS.  Some functions are actually named
|     something starting with __ and the normal name is an alias.  */
| #if defined __stub_setpriority || defined __stub___setpriority
| choke me
| #endif
| 
| int
| main (void)
| {
| return setpriority ();
|   ;
|   return 0;
| }
configure:8185: result: no
configure:8191: checking for strerror
configure:8191: gcc -std=gnu11 -mwindows -o conftest.exe    conftest.c   >&5
configure:8191: $? = 0
configure:8191: result: yes
configure:8197: checking for syscall
configure:8197: gcc -std=gnu11 -mwindows -o conftest.exe    conftest.c   >&5
C:\Users\nbarkas\AppData\Local\Temp\ccBaAr5q.o:conftest.c:(.text+0xe): undefined reference to `syscall'
collect2.exe: error: ld returned 1 exit status
configure:8197: $? = 1
configure: failed program was:
| /* confdefs.h */
| #define PACKAGE_NAME ""
| #define PACKAGE_TARNAME ""
| #define PACKAGE_VERSION ""
| #define PACKAGE_STRING ""
| #define PACKAGE_BUGREPORT ""
| #define PACKAGE_URL ""
| #define NDEBUG 1
| #define XP_PC 1
| #define WIN32 1
| #define WIN95 1
| #define _PR_GLOBAL_THREADS_ONLY 1
| #define _AMD64_ 1
| #define HAVE_STRERROR 1
| /* end confdefs.h.  */
| /* Define syscall to an innocuous variant, in case <limits.h> declares syscall.
|    For example, HP-UX 11i <limits.h> declares gettimeofday.  */
| #define syscall innocuous_syscall
| 
| /* System header to define __stub macros and hopefully few prototypes,
|    which can conflict with char syscall (); below.  */
| 
| #include <limits.h>
| #undef syscall
| 
| /* Override any GCC internal prototype to avoid an error.
|    Use char because int might match the return type of a GCC
|    builtin and then its argument prototype would still apply.  */
| #ifdef __cplusplus
| extern "C"
| #endif
| char syscall ();
| /* The GNU C library defines this for functions which it implements
|     to always fail with ENOSYS.  Some functions are actually named
|     something starting with __ and the normal name is an alias.  */
| #if defined __stub_syscall || defined __stub___syscall
| choke me
| #endif
| 
| int
| main (void)
| {
| return syscall ();
|   ;
|   return 0;
| }
configure:8197: result: no
configure:8203: checking for secure_getenv
configure:8203: gcc -std=gnu11 -mwindows -o conftest.exe    conftest.c   >&5
C:\Users\nbarkas\AppData\Local\Temp\ccgXUjTS.o:conftest.c:(.text+0xe): undefined reference to `secure_getenv'
collect2.exe: error: ld returned 1 exit status
configure:8203: $? = 1
configure: failed program was:
| /* confdefs.h */
| #define PACKAGE_NAME ""
| #define PACKAGE_TARNAME ""
| #define PACKAGE_VERSION ""
| #define PACKAGE_STRING ""
| #define PACKAGE_BUGREPORT ""
| #define PACKAGE_URL ""
| #define NDEBUG 1
| #define XP_PC 1
| #define WIN32 1
| #define WIN95 1
| #define _PR_GLOBAL_THREADS_ONLY 1
| #define _AMD64_ 1
| #define HAVE_STRERROR 1
| /* end confdefs.h.  */
| /* Define secure_getenv to an innocuous variant, in case <limits.h> declares secure_getenv.
|    For example, HP-UX 11i <limits.h> declares gettimeofday.  */
| #define secure_getenv innocuous_secure_getenv
| 
| /* System header to define __stub macros and hopefully few prototypes,
|    which can conflict with char secure_getenv (); below.  */
| 
| #include <limits.h>
| #undef secure_getenv
| 
| /* Override any GCC internal prototype to avoid an error.
|    Use char because int might match the return type of a GCC
|    builtin and then its argument prototype would still apply.  */
| #ifdef __cplusplus
| extern "C"
| #endif
| char secure_getenv ();
| /* The GNU C library defines this for functions which it implements
|     to always fail with ENOSYS.  Some functions are actually named
|     something starting with __ and the normal name is an alias.  */
| #if defined __stub_secure_getenv || defined __stub___secure_getenv
| choke me
| #endif
| 
| int
| main (void)
| {
| return secure_getenv ();
|   ;
|   return 0;
| }
configure:8203: result: no
configure:8209: checking for __secure_getenv
configure:8209: gcc -std=gnu11 -mwindows -o conftest.exe    conftest.c   >&5
C:\Users\nbarkas\AppData\Local\Temp\ccKpaA5C.o:conftest.c:(.text+0xe): undefined reference to `__secure_getenv'
collect2.exe: error: ld returned 1 exit status
configure:8209: $? = 1
configure: failed program was:
| /* confdefs.h */
| #define PACKAGE_NAME ""
| #define PACKAGE_TARNAME ""
| #define PACKAGE_VERSION ""
| #define PACKAGE_STRING ""
| #define PACKAGE_BUGREPORT ""
| #define PACKAGE_URL ""
| #define NDEBUG 1
| #define XP_PC 1
| #define WIN32 1
| #define WIN95 1
| #define _PR_GLOBAL_THREADS_ONLY 1
| #define _AMD64_ 1
| #define HAVE_STRERROR 1
| /* end confdefs.h.  */
| /* Define __secure_getenv to an innocuous variant, in case <limits.h> declares __secure_getenv.
|    For example, HP-UX 11i <limits.h> declares gettimeofday.  */
| #define __secure_getenv innocuous___secure_getenv
| 
| /* System header to define __stub macros and hopefully few prototypes,
|    which can conflict with char __secure_getenv (); below.  */
| 
| #include <limits.h>
| #undef __secure_getenv
| 
| /* Override any GCC internal prototype to avoid an error.
|    Use char because int might match the return type of a GCC
|    builtin and then its argument prototype would still apply.  */
| #ifdef __cplusplus
| extern "C"
| #endif
| char __secure_getenv ();
| /* The GNU C library defines this for functions which it implements
|     to always fail with ENOSYS.  Some functions are actually named
|     something starting with __ and the normal name is an alias.  */
| #if defined __stub___secure_getenv || defined __stub_____secure_getenv
| choke me
| #endif
| 
| int
| main (void)
| {
| return __secure_getenv ();
|   ;
|   return 0;
| }
configure:8209: result: no
configure:8349: checking for pthread_create in -lpthreads
configure:8372: gcc -std=gnu11 -mwindows -o conftest.exe    conftest.c -lpthreads   >&5
c:/developmentenvironment/gcc/msys_x2/1.0/mingw/bin/../lib/gcc/x86_64-w64-mingw32/4.7.1/../../../../x86_64-w64-mingw32/bin/ld.exe: cannot find -lpthreads
collect2.exe: error: ld returned 1 exit status
configure:8372: $? = 1
configure: failed program was:
| /* confdefs.h */
| #define PACKAGE_NAME ""
| #define PACKAGE_TARNAME ""
| #define PACKAGE_VERSION ""
| #define PACKAGE_STRING ""
| #define PACKAGE_BUGREPORT ""
| #define PACKAGE_URL ""
| #define NDEBUG 1
| #define XP_PC 1
| #define WIN32 1
| #define WIN95 1
| #define _PR_GLOBAL_THREADS_ONLY 1
| #define _AMD64_ 1
| #define HAVE_STRERROR 1
| /* end confdefs.h.  */
| 
| /* Override any GCC internal prototype to avoid an error.
|    Use char because int might match the return type of a GCC
|    builtin and then its argument prototype would still apply.  */
| char pthread_create ();
| int
| main (void)
| {
| return pthread_create ();
|   ;
|   return 0;
| }
configure:8382: result: no
configure:8388: checking for pthread_create in -lpthread
configure:8411: gcc -std=gnu11 -mwindows -o conftest.exe    conftest.c -lpthread   >&5
configure:8411: $? = 0
configure:8421: result: yes
configure:8586: checking whether gcc -std=gnu11 -mwindows accepts -pthread
configure:8605: result: yes
configure:9175: creating ./config.status

## ---------------------- ##
## Running config.status. ##
## ---------------------- ##

This file was extended by config.status, which was
generated by GNU Autoconf 2.71.  Invocation command line was

  CONFIG_FILES    = 
  CONFIG_HEADERS  = 
  CONFIG_LINKS    = 
  CONFIG_COMMANDS = 
  $ ./config.status 

on ws3620nbar

config.status:828: creating Makefile
config.status:828: creating config/Makefile
config.status:828: creating config/autoconf.mk
config.status:828: creating config/nsprincl.mk
config.status:828: creating config/nsprincl.sh
config.status:828: creating config/nspr-config
config.status:828: creating config/nspr.pc
config.status:828: creating lib/Makefile
config.status:828: creating lib/ds/Makefile
config.status:828: creating lib/libc/Makefile
config.status:828: creating lib/libc/include/Makefile
config.status:828: creating lib/libc/src/Makefile
config.status:828: creating lib/tests/Makefile
config.status:828: creating pkg/Makefile
config.status:828: creating pr/Makefile
config.status:828: creating pr/include/Makefile
config.status:828: creating pr/include/md/Makefile
config.status:828: creating pr/include/obsolete/Makefile
config.status:828: creating pr/include/private/Makefile
config.status:828: creating pr/src/Makefile
config.status:828: creating pr/src/io/Makefile
config.status:828: creating pr/src/linking/Makefile
config.status:828: creating pr/src/malloc/Makefile
config.status:828: creating pr/src/md/Makefile
config.status:828: creating pr/src/md/windows/Makefile
config.status:828: creating pr/src/memory/Makefile
config.status:828: creating pr/src/misc/Makefile
config.status:828: creating pr/src/threads/Makefile
config.status:828: creating pr/tests/Makefile
config.status:828: creating pr/tests/dll/Makefile
config.status:828: creating pr/src/threads/combined/Makefile
config.status:989: executing default commands

## ---------------- ##
## Cache variables. ##
## ---------------- ##

ac_cv_build=i686-pc-mingw32
ac_cv_c_compiler_gnu=yes
ac_cv_env_CCC_set=
ac_cv_env_CCC_value=
ac_cv_env_CC_set=
ac_cv_env_CC_value=
ac_cv_env_CFLAGS_set=
ac_cv_env_CFLAGS_value=
ac_cv_env_CPPFLAGS_set=
ac_cv_env_CPPFLAGS_value=
ac_cv_env_CPP_set=
ac_cv_env_CPP_value=
ac_cv_env_CXXFLAGS_set=
ac_cv_env_CXXFLAGS_value=
ac_cv_env_CXX_set=
ac_cv_env_CXX_value=
ac_cv_env_LDFLAGS_set=
ac_cv_env_LDFLAGS_value=
ac_cv_env_LIBS_set=
ac_cv_env_LIBS_value=
ac_cv_env_build_alias_set=
ac_cv_env_build_alias_value=
ac_cv_env_host_alias_set=
ac_cv_env_host_alias_value=
ac_cv_env_target_alias_set=
ac_cv_env_target_alias_value=
ac_cv_exeext=.exe
ac_cv_func___secure_getenv=no
ac_cv_func_dladdr=no
ac_cv_func_gettid=no
ac_cv_func_lchown=no
ac_cv_func_secure_getenv=no
ac_cv_func_setpriority=no
ac_cv_func_strerror=yes
ac_cv_func_syscall=no
ac_cv_have_dash_pthread=yes
ac_cv_have_dash_pthreads=no
ac_cv_host=i686-pc-mingw32
ac_cv_lib_dl_dlopen=no
ac_cv_lib_pthread_pthread_create=yes
ac_cv_lib_pthreads_pthread_create=no
ac_cv_objext=o
ac_cv_path_AS=/mingw/bin/as
ac_cv_path_EGREP='/bin/grep -E'
ac_cv_path_GREP=/bin/grep
ac_cv_path_LD=/mingw/bin/ld
ac_cv_path_STRIP=/mingw/bin/strip
ac_cv_path_WHOAMI=/c/WINDOWS/system32/whoami
ac_cv_path_WINDRES=/mingw/bin/windres
ac_cv_prog_CPP='gcc -std=gnu11 -E'
ac_cv_prog_ac_ct_CC=gcc
ac_cv_prog_ac_ct_RANLIB=ranlib
ac_cv_prog_cc_c11=-std=gnu11
ac_cv_prog_cc_g=yes
ac_cv_prog_cc_stdc=-std=gnu11
ac_cv_prog_gcc_traditional=no
ac_cv_target=i686-pc-mingw32
ac_cv_visibility_hidden=no

## ----------------- ##
## Output variables. ##
## ----------------- ##

AIX_LINK_OPTS=''
AR='echo not_ar'
AR_FLAGS='cr $@'
AS='$(CC)'
ASFLAGS='$(CFLAGS)'
ASM_SUFFIX='s'
CC='gcc -std=gnu11 -mwindows'
CCACHE='no'
CFLAGS=' -pthread -O'
CPP='gcc -std=gnu11 -E'
CPPFLAGS=''
CPU_ARCH='x86'
CROSS_COMPILE=''
CXX=' -mwindows'
CXXFLAGS=' -pthread -O'
CYGWIN_WRAPPER=''
DEFINES=' -UDEBUG -UWINNT'
DEFS='-DPACKAGE_NAME=\"\" -DPACKAGE_TARNAME=\"\" -DPACKAGE_VERSION=\"\" -DPACKAGE_STRING=\"\" -DPACKAGE_BUGREPORT=\"\" -DPACKAGE_URL=\"\" -DNDEBUG=1 -DXP_PC=1 -DWIN32=1 -DWIN95=1 -D_PR_GLOBAL_THREADS_ONLY=1 -D_AMD64_=1 -DHAVE_STRERROR=1'
DLLFLAGS=''
DLL_SUFFIX='dll'
DSO_CFLAGS=''
DSO_LDOPTS=''
ECHO_C=''
ECHO_N='-n'
ECHO_T=''
EGREP='/bin/grep -E'
ENABLE_STRIP=''
EXEEXT='.exe'
EXEFLAGS=''
FILTER=''
GCC_USE_GNU_LD=''
GNU_CC='1'
GREP='/bin/grep'
HOST_CC='gcc -std=gnu11'
HOST_CFLAGS=''
HOST_LDFLAGS=''
IMPLIB=''
LD='/mingw/bin/ld'
LDFLAGS=''
LIBNSPR='-L$(dist_libdir) -lnspr$(MOD_MAJOR_VERSION)'
LIBOBJS=''
LIBPLC='-L$(dist_libdir) -lplc$(MOD_MAJOR_VERSION)'
LIBS=''
LIB_SUFFIX='a'
LTLIBOBJS=''
MACOSX_DEPLOYMENT_TARGET=''
MACOS_SDK_DIR=''
MDCPUCFG_H='_win95.cfg'
MKSHLIB='$(CC) -shared -Wl,--export-all-symbols -Wl,--out-implib -Wl,$(IMPORT_LIBRARY) $(DLLBASE) -o $(subst $(OBJDIR)/,,$(SHARED_LIBRARY))'
MOD_MAJOR_VERSION='4'
MOD_MINOR_VERSION='38'
MOD_PATCH_VERSION='0'
MOZILLA_CLIENT=''
MOZ_DEBUG=''
MOZ_DEBUG_SYMBOLS=''
MOZ_OBJFORMAT=''
MOZ_OPTIMIZE='1'
MSC_VER=''
MT=''
NEXT_ROOT=''
NOSUCHFILE='/no-such-file'
NSINSTALL='nsinstall'
NSPR_MODNAME='nspr20'
OBJDIR='$(OBJDIR_NAME)'
OBJDIR_NAME='.'
OBJECT_MODE=''
OBJEXT='o'
OBJ_SUFFIX='o'
OPTIMIZER=''
OS_ARCH='WINNT'
OS_DLLFLAGS=''
OS_LIBS=' '
OS_RELEASE='4.0'
OS_TARGET='WIN95'
OS_TEST='i686'
PACKAGE_BUGREPORT=''
PACKAGE_NAME=''
PACKAGE_STRING=''
PACKAGE_TARNAME=''
PACKAGE_URL=''
PACKAGE_VERSION=''
PATH_SEPARATOR=':'
PERL='echo not_perl'
PROFILE_GEN_CFLAGS='-fprofile-generate'
PROFILE_GEN_LDFLAGS='-fprofile-generate'
PROFILE_USE_CFLAGS='-fprofile-use -fprofile-correction -Wcoverage-mismatch'
PROFILE_USE_LDFLAGS='-fprofile-use'
PR_MD_ARCH_DIR='windows'
PR_MD_ASFILES=''
PR_MD_CSRCS=''
RANLIB='ranlib'
RC='/mingw/bin/windres'
RCFLAGS='-O coff --use-temp-file'
RELEASE_OBJDIR_NAME='WIN954.0_64_OPT.OBJ'
RESOLVE_LINK_SYMBOLS='1'
SHELL='/bin/sh'
SHELL_OVERRIDE=''
STRIP='/mingw/bin/strip'
ULTRASPARC_LIBRARY=''
USE_64='1'
USE_BTHREADS=''
USE_CPLUS=''
USE_IPV6=''
USE_N32=''
USE_NSPR_THREADS=''
USE_PTHREADS=''
USE_USER_PTHREADS=''
USE_X32=''
VISIBILITY_FLAGS=''
WHOAMI='/c/WINDOWS/system32/whoami'
WINDRES='/mingw/bin/windres'
WRAP_LDFLAGS=''
WRAP_SYSTEM_INCLUDES=''
ac_ct_CC='gcc'
ac_ct_CXX=''
bindir='${exec_prefix}/bin'
build='i686-pc-mingw32'
build_alias=''
build_cpu='i686'
build_os='mingw32'
build_vendor='pc'
datadir='${datarootdir}'
datarootdir='${prefix}/share'
dist_bindir='${dist_prefix}/bin'
dist_includedir='${dist_prefix}/include/nspr'
dist_libdir='${dist_prefix}/lib'
dist_prefix='${MOD_DEPTH}/dist'
docdir='${datarootdir}/doc/${PACKAGE}'
dvidir='${docdir}'
exec_prefix='${prefix}'
host='i686-pc-mingw32'
host_alias=''
host_cpu='i686'
host_os='mingw32'
host_vendor='pc'
htmldir='${docdir}'
includedir='${prefix}/include/nspr'
infodir='${datarootdir}/info'
libdir='${exec_prefix}/lib'
libexecdir='${exec_prefix}/libexec'
localedir='${datarootdir}/locale'
localstatedir='${prefix}/var'
mandir='${datarootdir}/man'
oldincludedir='/usr/include'
pdfdir='${docdir}'
prefix='/usr/local'
program_transform_name='s,x,x,'
psdir='${docdir}'
runstatedir='${localstatedir}/run'
sbindir='${exec_prefix}/sbin'
sharedstatedir='${prefix}/com'
sysconfdir='${prefix}/etc'
target='i686-pc-mingw32'
target_alias=''
target_cpu='i686'
target_os='mingw32'
target_vendor='pc'

## ----------- ##
## confdefs.h. ##
## ----------- ##

/* confdefs.h */
#define PACKAGE_NAME ""
#define PACKAGE_TARNAME ""
#define PACKAGE_VERSION ""
#define PACKAGE_STRING ""
#define PACKAGE_BUGREPORT ""
#define PACKAGE_URL ""
#define NDEBUG 1
#define XP_PC 1
#define WIN32 1
#define WIN95 1
#define _PR_GLOBAL_THREADS_ONLY 1
#define _AMD64_ 1
#define HAVE_STRERROR 1

configure: exit 0
